1680140460619	geckodriver	INFO	Listening on 127.0.0.1:52349
1680140461595	mozrunner::runner	INFO	Running command: "/usr/bin/firefox" "--marionette" "-no-remote" "-profile" "/tmp/rust_mozprofileZD8WMP"
console.warn: services.settings: Ignoring preference override of remote settings server
console.warn: services.settings: Allow by setting MOZ_REMOTE_SETTINGS_DEVTOOLS=1 in the environment
[GFX1-]: glxtest: VA-API test failed: no supported VAAPI profile found.
ATTENTION: default value of option mesa_glthread overridden by environment.
ATTENTION: default value of option mesa_glthread overridden by environment.
ATTENTION: default value of option mesa_glthread overridden by environment.
ATTENTION: default value of option mesa_glthread overridden by environment.
1680140465133	Marionette	INFO	Marionette enabled
1680140465156	Marionette	INFO	Listening on port 43087
Read port: 43087
1680140465572	RemoteAgent	WARN	TLS certificate errors will be ignored for this session
console.error: ({})
console.warn: SearchSettings: "get: No settings file exists, new profile?" (new NotFoundError("Could not open the file at /tmp/rust_mozprofileZD8WMP/search.json.mozlz4", (void 0)))
console.error: (new TypeError("this._searchProviderInfo is null", "resource:///modules/SearchSERPTelemetry.sys.mjs", 468))
JavaScript warning: https://static.cdninstagram.com/rsrc.php/v3iqcA4/yl/l/en_US/Ud4IthQVFFN.js?_nc_x=Ij3Wp8lg5Kz, line 26: WEBGL_debug_renderer_info is deprecated in Firefox and will be removed. Please use RENDERER.
JavaScript warning: https://static.cdninstagram.com/rsrc.php/v3iqcA4/yl/l/en_US/Ud4IthQVFFN.js?_nc_x=Ij3Wp8lg5Kz, line 26: WEBGL_debug_renderer_info is deprecated in Firefox and will be removed. Please use RENDERER.
console.error: "update.locale" " file doesn't exist in either the application or GRE directories"
JavaScript warning: https://static.cdninstagram.com/rsrc.php/v3iqcA4/yl/l/en_US/Ud4IthQVFFN.js?_nc_x=Ij3Wp8lg5Kz, line 26: WEBGL_debug_renderer_info is deprecated in Firefox and will be removed. Please use RENDERER.
JavaScript warning: https://static.cdninstagram.com/rsrc.php/v3iROb4/yg/l/es_LA/Ud4IthQVFFN.js?_nc_x=Ij3Wp8lg5Kz, line 26: WEBGL_debug_renderer_info is deprecated in Firefox and will be removed. Please use RENDERER.
JavaScript warning: https://static.cdninstagram.com/rsrc.php/v3iqcA4/yl/l/en_US/Ud4IthQVFFN.js?_nc_x=Ij3Wp8lg5Kz, line 26: WEBGL_debug_renderer_info is deprecated in Firefox and will be removed. Please use RENDERER.
JavaScript warning: https://static.cdninstagram.com/rsrc.php/v3iqcA4/yl/l/en_US/Ud4IthQVFFN.js?_nc_x=Ij3Wp8lg5Kz, line 26: WEBGL_debug_renderer_info is deprecated in Firefox and will be removed. Please use RENDERER.
1680140991366	Marionette	INFO	Stopped listening on port 43087
JavaScript error: chrome://remote/content/marionette/cert.sys.mjs, line 51: NS_ERROR_NOT_AVAILABLE: Component returned failure code: 0x80040111 (NS_ERROR_NOT_AVAILABLE) [nsICertOverrideService.setDisableAllSecurityChecksAndLetAttackersInterceptMyData]
1680141019898	geckodriver	INFO	Listening on 127.0.0.1:33161
1680141020908	mozrunner::runner	INFO	Running command: "/usr/bin/firefox" "--marionette" "-no-remote" "-profile" "/tmp/rust_mozprofileX03A6c"
console.warn: services.settings: Ignoring preference override of remote settings server
console.warn: services.settings: Allow by setting MOZ_REMOTE_SETTINGS_DEVTOOLS=1 in the environment
[GFX1-]: glxtest: VA-API test failed: no supported VAAPI profile found.
ATTENTION: default value of option mesa_glthread overridden by environment.
ATTENTION: default value of option mesa_glthread overridden by environment.
ATTENTION: default value of option mesa_glthread overridden by environment.
ATTENTION: default value of option mesa_glthread overridden by environment.
1680141023825	Marionette	INFO	Marionette enabled
1680141023836	Marionette	INFO	Listening on port 39523
Read port: 39523
1680141024006	RemoteAgent	WARN	TLS certificate errors will be ignored for this session
console.error: ({})
console.warn: SearchSettings: "get: No settings file exists, new profile?" (new NotFoundError("Could not open the file at /tmp/rust_mozprofileX03A6c/search.json.mozlz4", (void 0)))
JavaScript warning: https://static.cdninstagram.com/rsrc.php/v3iqcA4/yl/l/en_US/Ud4IthQVFFN.js?_nc_x=Ij3Wp8lg5Kz, line 26: WEBGL_debug_renderer_info is deprecated in Firefox and will be removed. Please use RENDERER.
JavaScript error: resource://devtools/server/actors/resources/network-events-content.js, line 67: NS_NOINTERFACE: Component returned failure code: 0x80004002 (NS_NOINTERFACE) [nsISupports.QueryInterface]
console.error: "Error when attaching target:" (new Error("Connection closed, pending request to server0.conn0.windowGlobal8589934593/thread1, type isAttached failed\n\nRequest stack:\nrequest@resource://devtools/shared/protocol/Front.js:300:14\ngenerateRequestMethods/</frontProto[name]@resource://devtools/shared/protocol/Front/FrontClassWithSpec.js:47:19\nattachThread@resource://devtools/client/fronts/targets/target-mixin.js:447:49\n", "resource://devtools/shared/protocol/Front.js", 106))
console.error: (new Error("Unexpected packet server0.conn0.windowGlobal8589934593/thread1, {\"value\":true,\"from\":\"server0.conn0.windowGlobal8589934593/thread1\"}", "resource://devtools/shared/protocol/Front.js", 362))
Handler function LocalDebuggerTransport instance's this.other.hooks.onPacket threw an exception: Error: Unexpected packet server0.conn0.windowGlobal8589934593/thread1, {"value":true,"from":"server0.conn0.windowGlobal8589934593/thread1"}
Stack: onPacket@resource://devtools/shared/protocol/Front.js:362:24
onPacket@resource://devtools/client/devtools-client.js:488:13
send/<@resource://devtools/shared/transport/local-transport.js:67:25
exports.makeInfallible/<@resource://devtools/shared/ThreadSafeDevToolsUtils.js:103:22
exports.makeInfallible/<@resource://devtools/shared/ThreadSafeDevToolsUtils.js:103:22
Line: 362, column: 24
console.error: (new Error("Unexpected packet server0.conn0.windowGlobal8589934593/thread1, {\"value\":true,\"from\":\"server0.conn0.windowGlobal8589934593/thread1\"}", "resource://devtools/shared/protocol/Front.js", 362))
Handler function threw an exception: TypeError: browsingContext.currentWindowGlobal is null
Stack: isChannelFromSystemPrincipal@resource://devtools/shared/network-observer/NetworkUtils.sys.mjs:91:1
createNetworkEvent@resource://devtools/shared/network-observer/NetworkUtils.sys.mjs:179:33
#createNetworkEvent@resource://devtools/shared/network-observer/NetworkObserver.sys.mjs:696:37
#onRequestHeader@resource://devtools/shared/network-observer/NetworkObserver.sys.mjs:746:29
@resource://devtools/shared/network-observer/NetworkObserver.sys.mjs:616:28
makeInfallible/<@resource://devtools/shared/DevToolsInfaillibleUtils.sys.mjs:43:22
Line: 91, column: 1
console.error: (new TypeError("browsingContext.currentWindowGlobal is null", "resource://devtools/shared/network-observer/NetworkUtils.sys.mjs", 91))
Handler function threw an exception: TypeError: httpActivity.owner is null
Stack: #sendRequestBody@resource://devtools/shared/network-observer/NetworkObserver.sys.mjs:1509:7
#dispatchActivity@resource://devtools/shared/network-observer/NetworkObserver.sys.mjs:534:30
@resource://devtools/shared/network-observer/NetworkObserver.sys.mjs:646:29
makeInfallible/<@resource://devtools/shared/DevToolsInfaillibleUtils.sys.mjs:43:22
Line: 1509, column: 7
console.error: (new TypeError("httpActivity.owner is null", "resource://devtools/shared/network-observer/NetworkObserver.sys.mjs", 1509))
Handler function threw an exception: TypeError: browsingContext.currentWindowGlobal is null
Stack: isChannelFromSystemPrincipal@resource://devtools/shared/network-observer/NetworkUtils.sys.mjs:91:1
createNetworkEvent@resource://devtools/shared/network-observer/NetworkUtils.sys.mjs:179:33
#createNetworkEvent@resource://devtools/shared/network-observer/NetworkObserver.sys.mjs:696:37
#onRequestHeader@resource://devtools/shared/network-observer/NetworkObserver.sys.mjs:746:29
@resource://devtools/shared/network-observer/NetworkObserver.sys.mjs:616:28
makeInfallible/<@resource://devtools/shared/DevToolsInfaillibleUtils.sys.mjs:43:22
Line: 91, column: 1
console.error: (new TypeError("browsingContext.currentWindowGlobal is null", "resource://devtools/shared/network-observer/NetworkUtils.sys.mjs", 91))
Handler function threw an exception: TypeError: httpActivity.owner is null
Stack: #sendRequestBody@resource://devtools/shared/network-observer/NetworkObserver.sys.mjs:1509:7
#dispatchActivity@resource://devtools/shared/network-observer/NetworkObserver.sys.mjs:534:30
@resource://devtools/shared/network-observer/NetworkObserver.sys.mjs:646:29
makeInfallible/<@resource://devtools/shared/DevToolsInfaillibleUtils.sys.mjs:43:22
Line: 1509, column: 7
console.error: (new TypeError("httpActivity.owner is null", "resource://devtools/shared/network-observer/NetworkObserver.sys.mjs", 1509))
Handler function threw an exception: TypeError: httpActivity.owner is null
Stack: #onResponseHeader@resource://devtools/shared/network-observer/NetworkObserver.sys.mjs:1043:5
#dispatchActivity@resource://devtools/shared/network-observer/NetworkObserver.sys.mjs:537:31
@resource://devtools/shared/network-observer/NetworkObserver.sys.mjs:646:29
makeInfallible/<@resource://devtools/shared/DevToolsInfaillibleUtils.sys.mjs:43:22
Line: 1043, column: 5
console.error: (new TypeError("httpActivity.owner is null", "resource://devtools/shared/network-observer/NetworkObserver.sys.mjs", 1043))
Handler function threw an exception: TypeError: browsingContext.currentWindowGlobal is null
Stack: isChannelFromSystemPrincipal@resource://devtools/shared/network-observer/NetworkUtils.sys.mjs:91:1
createNetworkEvent@resource://devtools/shared/network-observer/NetworkUtils.sys.mjs:179:33
#createNetworkEvent@resource://devtools/shared/network-observer/NetworkObserver.sys.mjs:696:37
@resource://devtools/shared/network-observer/NetworkObserver.sys.mjs:327:33
makeInfallible/<@resource://devtools/shared/DevToolsInfaillibleUtils.sys.mjs:43:22
Line: 91, column: 1
console.error: (new TypeError("browsingContext.currentWindowGlobal is null", "resource://devtools/shared/network-observer/NetworkUtils.sys.mjs", 91))
Handler function threw an exception: TypeError: httpActivity.owner is null
Stack: #onResponseHeader@resource://devtools/shared/network-observer/NetworkObserver.sys.mjs:1043:5
#dispatchActivity@resource://devtools/shared/network-observer/NetworkObserver.sys.mjs:537:31
@resource://devtools/shared/network-observer/NetworkObserver.sys.mjs:646:29
makeInfallible/<@resource://devtools/shared/DevToolsInfaillibleUtils.sys.mjs:43:22
Line: 1043, column: 5
console.error: (new TypeError("httpActivity.owner is null", "resource://devtools/shared/network-observer/NetworkObserver.sys.mjs", 1043))
Handler function threw an exception: TypeError: browsingContext.currentWindowGlobal is null
Stack: isChannelFromSystemPrincipal@resource://devtools/shared/network-observer/NetworkUtils.sys.mjs:91:1
createNetworkEvent@resource://devtools/shared/network-observer/NetworkUtils.sys.mjs:179:33
#createNetworkEvent@resource://devtools/shared/network-observer/NetworkObserver.sys.mjs:696:37
@resource://devtools/shared/network-observer/NetworkObserver.sys.mjs:327:33
makeInfallible/<@resource://devtools/shared/DevToolsInfaillibleUtils.sys.mjs:43:22
Line: 91, column: 1
console.error: (new TypeError("browsingContext.currentWindowGlobal is null", "resource://devtools/shared/network-observer/NetworkUtils.sys.mjs", 91))
console.error: "Unable to find target with innerWindowId:8589934593"
console.error: "Unable to find target with innerWindowId:8589934593"
console.error: "stylesheets: fetch failed for https://static.cdninstagram.com/rsrc.php/v3/y8/l/0,cross/1qcN-L2JiZAoPC2DqB-kH2wcXtpphd5Wy2fFJsvZyD8EadkhaQY0s2l-wu5LxTZXavs9OrgdbTS01msTqCQEbBe1.css?_nc_x=Ij3Wp8lg5Kz, using system principal instead."
console.error: "stylesheets: fetch failed for https://static.cdninstagram.com/rsrc.php/v3/y8/l/0,cross/1qcN-L2JiZAoPC2DqB-kH2wcXtpphd5Wy2fFJsvZyD8EadkhaQY0s2l-wu5LxTZXavs9OrgdbTS01msTqCQEbBe1.css?_nc_x=Ij3Wp8lg5Kz, using system principal instead."
console.error: (new Error("Connection closed, pending request to server0.conn0.windowGlobal10737418241/pagestyle62, type getLayout failed\n\nRequest stack:\nrequest@resource://devtools/shared/protocol/Front.js:300:14\ngenerateRequestMethods/</frontProto[name]@resource://devtools/shared/protocol/Front/FrontClassWithSpec.js:47:19\nupdateBoxModel/lastRequest<@resource://devtools/client/inspector/boxmodel/box-model.js:183:36\nupdateBoxModel@resource://devtools/client/inspector/boxmodel/box-model.js:223:18\n_emit@resource://devtools/shared/event-emitter.js:242:32\nemit@resource://devtools/shared/event-emitter.js:186:18\nemit@resource://devtools/shared/event-emitter.js:330:18\nonReflowInSelection@resource://devtools/client/inspector/inspector.js:1604:10\n_notifyWatchers@resource://devtools/shared/commands/resource/resource-command.js:872:24\nthrottledFunction@resource://devtools/shared/throttle.js:45:21\n_onResourceAvailable@resource://devtools/shared/commands/resource/resource-command.js:717:12\n", "resource://devtools/shared/protocol/Front.js", 106))
console.error: (new Error("Connection closed, pending request to server0.conn0.windowGlobal10737418241/pagestyle62, type getApplied failed\n\nRequest stack:\nrequest@resource://devtools/shared/protocol/Front.js:300:14\ngenerateRequestMethods/</frontProto[name]@resource://devtools/shared/protocol/Front/FrontClassWithSpec.js:47:19\ngetApplied@resource://devtools/client/fronts/page-style.js:61:29\nupdateBoxModel/lastRequest<@resource://devtools/client/inspector/boxmodel/box-model.js:187:44\n", "resource://devtools/shared/protocol/Front.js", 106))
console.error: "stylesheets: fetch failed for https://static.cdninstagram.com/rsrc.php/v3/y8/l/0,cross/1qcN-L2JiZAoPC2DqB-kH2wcXtpphd5Wy2fFJsvZyD8EadkhaQY0s2l-wu5LxTZXavs9OrgdbTS01msTqCQEbBe1.css?_nc_x=Ij3Wp8lg5Kz, using system principal instead."
Handler function threw an exception: TypeError: browsingContext.currentWindowGlobal is null
Stack: isChannelFromSystemPrincipal@resource://devtools/shared/network-observer/NetworkUtils.sys.mjs:91:1
createNetworkEvent@resource://devtools/shared/network-observer/NetworkUtils.sys.mjs:179:33
#createNetworkEvent@resource://devtools/shared/network-observer/NetworkObserver.sys.mjs:696:37
#onRequestHeader@resource://devtools/shared/network-observer/NetworkObserver.sys.mjs:746:29
@resource://devtools/shared/network-observer/NetworkObserver.sys.mjs:616:28
makeInfallible/<@resource://devtools/shared/DevToolsInfaillibleUtils.sys.mjs:43:22
Line: 91, column: 1
console.error: (new TypeError("browsingContext.currentWindowGlobal is null", "resource://devtools/shared/network-observer/NetworkUtils.sys.mjs", 91))
console.error: "stylesheets: fetch failed for https://static.cdninstagram.com/rsrc.php/v3/y8/l/0,cross/1qcN-L2JiZAoPC2DqB-kH2wcXtpphd5Wy2fFJsvZyD8EadkhaQY0s2l-wu5LxTZXavs9OrgdbTS01msTqCQEbBe1.css?_nc_x=Ij3Wp8lg5Kz, using system principal instead."
Handler function threw an exception: TypeError: httpActivity.owner is null
Stack: #sendRequestBody@resource://devtools/shared/network-observer/NetworkObserver.sys.mjs:1509:7
#dispatchActivity@resource://devtools/shared/network-observer/NetworkObserver.sys.mjs:534:30
@resource://devtools/shared/network-observer/NetworkObserver.sys.mjs:646:29
makeInfallible/<@resource://devtools/shared/DevToolsInfaillibleUtils.sys.mjs:43:22
Line: 1509, column: 7
console.error: (new TypeError("httpActivity.owner is null", "resource://devtools/shared/network-observer/NetworkObserver.sys.mjs", 1509))
Handler function threw an exception: TypeError: browsingContext.currentWindowGlobal is null
Stack: isChannelFromSystemPrincipal@resource://devtools/shared/network-observer/NetworkUtils.sys.mjs:91:1
createNetworkEvent@resource://devtools/shared/network-observer/NetworkUtils.sys.mjs:179:33
#createNetworkEvent@resource://devtools/shared/network-observer/NetworkObserver.sys.mjs:696:37
@resource://devtools/shared/network-observer/NetworkObserver.sys.mjs:327:33
makeInfallible/<@resource://devtools/shared/DevToolsInfaillibleUtils.sys.mjs:43:22
Line: 91, column: 1
console.error: (new TypeError("browsingContext.currentWindowGlobal is null", "resource://devtools/shared/network-observer/NetworkUtils.sys.mjs", 91))
console.warn: "Listener for event 'frame' did not return a promise."
Handler function threw an exception: TypeError: httpActivity.owner is null
Stack: #onResponseHeader@resource://devtools/shared/network-observer/NetworkObserver.sys.mjs:1043:5
#dispatchActivity@resource://devtools/shared/network-observer/NetworkObserver.sys.mjs:537:31
@resource://devtools/shared/network-observer/NetworkObserver.sys.mjs:646:29
makeInfallible/<@resource://devtools/shared/DevToolsInfaillibleUtils.sys.mjs:43:22
Line: 1043, column: 5
console.error: (new TypeError("httpActivity.owner is null", "resource://devtools/shared/network-observer/NetworkObserver.sys.mjs", 1043))
Handler function threw an exception: TypeError: browsingContext.currentWindowGlobal is null
Stack: isChannelFromSystemPrincipal@resource://devtools/shared/network-observer/NetworkUtils.sys.mjs:91:1
createNetworkEvent@resource://devtools/shared/network-observer/NetworkUtils.sys.mjs:179:33
#createNetworkEvent@resource://devtools/shared/network-observer/NetworkObserver.sys.mjs:696:37
@resource://devtools/shared/network-observer/NetworkObserver.sys.mjs:327:33
makeInfallible/<@resource://devtools/shared/DevToolsInfaillibleUtils.sys.mjs:43:22
Line: 91, column: 1
console.error: (new TypeError("browsingContext.currentWindowGlobal is null", "resource://devtools/shared/network-observer/NetworkUtils.sys.mjs", 91))
Handler function threw an exception: TypeError: browsingContext.currentWindowGlobal is null
Stack: isChannelFromSystemPrincipal@resource://devtools/shared/network-observer/NetworkUtils.sys.mjs:91:1
createNetworkEvent@resource://devtools/shared/network-observer/NetworkUtils.sys.mjs:179:33
#createNetworkEvent@resource://devtools/shared/network-observer/NetworkObserver.sys.mjs:696:37
#onRequestHeader@resource://devtools/shared/network-observer/NetworkObserver.sys.mjs:746:29
@resource://devtools/shared/network-observer/NetworkObserver.sys.mjs:616:28
makeInfallible/<@resource://devtools/shared/DevToolsInfaillibleUtils.sys.mjs:43:22
Line: 91, column: 1
console.error: (new TypeError("browsingContext.currentWindowGlobal is null", "resource://devtools/shared/network-observer/NetworkUtils.sys.mjs", 91))
Handler function threw an exception: TypeError: httpActivity.owner is null
Stack: #sendRequestBody@resource://devtools/shared/network-observer/NetworkObserver.sys.mjs:1509:7
#dispatchActivity@resource://devtools/shared/network-observer/NetworkObserver.sys.mjs:534:30
@resource://devtools/shared/network-observer/NetworkObserver.sys.mjs:646:29
makeInfallible/<@resource://devtools/shared/DevToolsInfaillibleUtils.sys.mjs:43:22
Line: 1509, column: 7
console.error: (new TypeError("httpActivity.owner is null", "resource://devtools/shared/network-observer/NetworkObserver.sys.mjs", 1509))
Handler function threw an exception: TypeError: browsingContext.currentWindowGlobal is null
Stack: isChannelFromSystemPrincipal@resource://devtools/shared/network-observer/NetworkUtils.sys.mjs:91:1
createNetworkEvent@resource://devtools/shared/network-observer/NetworkUtils.sys.mjs:179:33
#createNetworkEvent@resource://devtools/shared/network-observer/NetworkObserver.sys.mjs:696:37
#onRequestHeader@resource://devtools/shared/network-observer/NetworkObserver.sys.mjs:746:29
@resource://devtools/shared/network-observer/NetworkObserver.sys.mjs:616:28
makeInfallible/<@resource://devtools/shared/DevToolsInfaillibleUtils.sys.mjs:43:22
Line: 91, column: 1
console.error: (new TypeError("browsingContext.currentWindowGlobal is null", "resource://devtools/shared/network-observer/NetworkUtils.sys.mjs", 91))
Handler function threw an exception: TypeError: httpActivity.owner is null
Stack: #sendRequestBody@resource://devtools/shared/network-observer/NetworkObserver.sys.mjs:1509:7
#dispatchActivity@resource://devtools/shared/network-observer/NetworkObserver.sys.mjs:534:30
@resource://devtools/shared/network-observer/NetworkObserver.sys.mjs:646:29
makeInfallible/<@resource://devtools/shared/DevToolsInfaillibleUtils.sys.mjs:43:22
Line: 1509, column: 7
console.error: (new TypeError("httpActivity.owner is null", "resource://devtools/shared/network-observer/NetworkObserver.sys.mjs", 1509))
Handler function threw an exception: TypeError: browsingContext.currentWindowGlobal is null
Stack: isChannelFromSystemPrincipal@resource://devtools/shared/network-observer/NetworkUtils.sys.mjs:91:1
createNetworkEvent@resource://devtools/shared/network-observer/NetworkUtils.sys.mjs:179:33
#createNetworkEvent@resource://devtools/shared/network-observer/NetworkObserver.sys.mjs:696:37
#onRequestHeader@resource://devtools/shared/network-observer/NetworkObserver.sys.mjs:746:29
@resource://devtools/shared/network-observer/NetworkObserver.sys.mjs:616:28
makeInfallible/<@resource://devtools/shared/DevToolsInfaillibleUtils.sys.mjs:43:22
Line: 91, column: 1
console.error: (new TypeError("browsingContext.currentWindowGlobal is null", "resource://devtools/shared/network-observer/NetworkUtils.sys.mjs", 91))
Handler function threw an exception: TypeError: httpActivity.owner is null
Stack: #sendRequestBody@resource://devtools/shared/network-observer/NetworkObserver.sys.mjs:1509:7
#dispatchActivity@resource://devtools/shared/network-observer/NetworkObserver.sys.mjs:534:30
@resource://devtools/shared/network-observer/NetworkObserver.sys.mjs:646:29
makeInfallible/<@resource://devtools/shared/DevToolsInfaillibleUtils.sys.mjs:43:22
Line: 1509, column: 7
console.error: (new TypeError("httpActivity.owner is null", "resource://devtools/shared/network-observer/NetworkObserver.sys.mjs", 1509))
Handler function threw an exception: TypeError: httpActivity.owner is null
Stack: #onResponseHeader@resource://devtools/shared/network-observer/NetworkObserver.sys.mjs:1043:5
#dispatchActivity@resource://devtools/shared/network-observer/NetworkObserver.sys.mjs:537:31
@resource://devtools/shared/network-observer/NetworkObserver.sys.mjs:646:29
makeInfallible/<@resource://devtools/shared/DevToolsInfaillibleUtils.sys.mjs:43:22
Line: 1043, column: 5
console.error: (new TypeError("httpActivity.owner is null", "resource://devtools/shared/network-observer/NetworkObserver.sys.mjs", 1043))
Handler function threw an exception: TypeError: browsingContext.currentWindowGlobal is null
Stack: isChannelFromSystemPrincipal@resource://devtools/shared/network-observer/NetworkUtils.sys.mjs:91:1
createNetworkEvent@resource://devtools/shared/network-observer/NetworkUtils.sys.mjs:179:33
#createNetworkEvent@resource://devtools/shared/network-observer/NetworkObserver.sys.mjs:696:37
@resource://devtools/shared/network-observer/NetworkObserver.sys.mjs:327:33
makeInfallible/<@resource://devtools/shared/DevToolsInfaillibleUtils.sys.mjs:43:22
Line: 91, column: 1
console.error: (new TypeError("browsingContext.currentWindowGlobal is null", "resource://devtools/shared/network-observer/NetworkUtils.sys.mjs", 91))
Handler function threw an exception: TypeError: httpActivity.owner is null
Stack: #onResponseHeader@resource://devtools/shared/network-observer/NetworkObserver.sys.mjs:1043:5
#dispatchActivity@resource://devtools/shared/network-observer/NetworkObserver.sys.mjs:537:31
@resource://devtools/shared/network-observer/NetworkObserver.sys.mjs:646:29
makeInfallible/<@resource://devtools/shared/DevToolsInfaillibleUtils.sys.mjs:43:22
Line: 1043, column: 5
console.error: (new TypeError("httpActivity.owner is null", "resource://devtools/shared/network-observer/NetworkObserver.sys.mjs", 1043))
Handler function threw an exception: TypeError: browsingContext.currentWindowGlobal is null
Stack: isChannelFromSystemPrincipal@resource://devtools/shared/network-observer/NetworkUtils.sys.mjs:91:1
createNetworkEvent@resource://devtools/shared/network-observer/NetworkUtils.sys.mjs:179:33
#createNetworkEvent@resource://devtools/shared/network-observer/NetworkObserver.sys.mjs:696:37
@resource://devtools/shared/network-observer/NetworkObserver.sys.mjs:327:33
makeInfallible/<@resource://devtools/shared/DevToolsInfaillibleUtils.sys.mjs:43:22
Line: 91, column: 1
console.error: (new TypeError("browsingContext.currentWindowGlobal is null", "resource://devtools/shared/network-observer/NetworkUtils.sys.mjs", 91))
Handler function threw an exception: TypeError: httpActivity.owner is null
Stack: #onResponseHeader@resource://devtools/shared/network-observer/NetworkObserver.sys.mjs:1043:5
#dispatchActivity@resource://devtools/shared/network-observer/NetworkObserver.sys.mjs:537:31
@resource://devtools/shared/network-observer/NetworkObserver.sys.mjs:646:29
makeInfallible/<@resource://devtools/shared/DevToolsInfaillibleUtils.sys.mjs:43:22
Line: 1043, column: 5
console.error: (new TypeError("httpActivity.owner is null", "resource://devtools/shared/network-observer/NetworkObserver.sys.mjs", 1043))
Handler function threw an exception: TypeError: browsingContext.currentWindowGlobal is null
Stack: isChannelFromSystemPrincipal@resource://devtools/shared/network-observer/NetworkUtils.sys.mjs:91:1
createNetworkEvent@resource://devtools/shared/network-observer/NetworkUtils.sys.mjs:179:33
#createNetworkEvent@resource://devtools/shared/network-observer/NetworkObserver.sys.mjs:696:37
@resource://devtools/shared/network-observer/NetworkObserver.sys.mjs:327:33
makeInfallible/<@resource://devtools/shared/DevToolsInfaillibleUtils.sys.mjs:43:22
Line: 91, column: 1
console.error: (new TypeError("browsingContext.currentWindowGlobal is null", "resource://devtools/shared/network-observer/NetworkUtils.sys.mjs", 91))
console.error: "Unable to find target with innerWindowId:8589934593"
JavaScript warning: https://static.cdninstagram.com/rsrc.php/v3iqcA4/yl/l/en_US/Ud4IthQVFFN.js?_nc_x=Ij3Wp8lg5Kz, line 26: WEBGL_debug_renderer_info is deprecated in Firefox and will be removed. Please use RENDERER.
JavaScript warning: https://static.cdninstagram.com/rsrc.php/v3ikdC4/yp/l/en_US/Vx09BVRBPmv0NwCRp_T805D9crflpmrMVYJbiUeK42gr3hqc52QDa6js4oBK9YHFLPbuKM5bXyHB6DetkbMA61oQYWI6gAEAMjk8F4OR5gjOe0DhZ3FcGIuEYTtGpuLz5evCSj8xojX7XBt8-SwdYciaM-LgvwffuKmeX2lTi26RT190nvH__LP56Qc-0sz5JYYAzQsqgj4Qs0wkohUpX6-VFOgHn2e-KHpvR8UcrzhSbpi1zO7KiLIyT_UsHpVVXKB6-mj6.js?_nc_x=Ij3Wp8lg5Kz, line 774: Script terminated by timeout at:
t@https://static.cdninstagram.com/rsrc.php/v3ikdC4/yp/l/en_US/Vx09BVRBPmv0NwCRp_T805D9crflpmrMVYJbiUeK42gr3hqc52QDa6js4oBK9YHFLPbuKM5bXyHB6DetkbMA61oQYWI6gAEAMjk8F4OR5gjOe0DhZ3FcGIuEYTtGpuLz5evCSj8xojX7XBt8-SwdYciaM-LgvwffuKmeX2lTi26RT190nvH__LP56Qc-0sz5JYYAzQsqgj4Qs0wkohUpX6-VFOgHn2e-KHpvR8UcrzhSbpi1zO7KiLIyT_UsHpVVXKB6-mj6.js?_nc_x=Ij3Wp8lg5Kz:774:58481
c@https://static.cdninstagram.com/rsrc.php/v3ikdC4/yp/l/en_US/Vx09BVRBPmv0NwCRp_T805D9crflpmrMVYJbiUeK42gr3hqc52QDa6js4oBK9YHFLPbuKM5bXyHB6DetkbMA61oQYWI6gAEAMjk8F4OR5gjOe0DhZ3FcGIuEYTtGpuLz5evCSj8xojX7XBt8-SwdYciaM-LgvwffuKmeX2lTi26RT190nvH__LP56Qc-0sz5JYYAzQsqgj4Qs0wkohUpX6-VFOgHn2e-KHpvR8UcrzhSbpi1zO7KiLIyT_UsHpVVXKB6-mj6.js?_nc_x=Ij3Wp8lg5Kz:774:59705
P@https://static.cdninstagram.com/rsrc.php/v3ikdC4/yp/l/en_US/Vx09BVRBPmv0NwCRp_T805D9crflpmrMVYJbiUeK42gr3hqc52QDa6js4oBK9YHFLPbuKM5bXyHB6DetkbMA61oQYWI6gAEAMjk8F4OR5gjOe0DhZ3FcGIuEYTtGpuLz5evCSj8xojX7XBt8-SwdYciaM-LgvwffuKmeX2lTi26RT190nvH__LP56Qc-0sz5JYYAzQsqgj4Qs0wkohUpX6-VFOgHn2e-KHpvR8UcrzhSbpi1zO7KiLIyT_UsHpVVXKB6-mj6.js?_nc_x=Ij3Wp8lg5Kz:774:78822
Ll@https://static.cdninstagram.com/rsrc.php/v3ikdC4/yp/l/en_US/Vx09BVRBPmv0NwCRp_T805D9crflpmrMVYJbiUeK42gr3hqc52QDa6js4oBK9YHFLPbuKM5bXyHB6DetkbMA61oQYWI6gAEAMjk8F4OR5gjOe0DhZ3FcGIuEYTtGpuLz5evCSj8xojX7XBt8-SwdYciaM-LgvwffuKmeX2lTi26RT190nvH__LP56Qc-0sz5JYYAzQsqgj4Qs0wkohUpX6-VFOgHn2e-KHpvR8UcrzhSbpi1zO7KiLIyT_UsHpVVXKB6-mj6.js?_nc_x=Ij3Wp8lg5Kz:774:147302
vl@https://static.cdninstagram.com/rsrc.php/v3ikdC4/yp/l/en_US/Vx09BVRBPmv0NwCRp_T805D9crflpmrMVYJbiUeK42gr3hqc52QDa6js4oBK9YHFLPbuKM5bXyHB6DetkbMA61oQYWI6gAEAMjk8F4OR5gjOe0DhZ3FcGIuEYTtGpuLz5evCSj8xojX7XBt8-SwdYciaM-LgvwffuKmeX2lTi26RT190nvH__LP56Qc-0sz5JYYAzQsqgj4Qs0wkohUpX6-VFOgHn2e-KHpvR8UcrzhSbpi1zO7KiLIyT_UsHpVVXKB6-mj6.js?_nc_x=Ij3Wp8lg5Kz:774:138957
sl@https://static.cdninstagram.com/rsrc.php/v3ikdC4/yp/l/en_US/Vx09BVRBPmv0NwCRp_T805D9crflpmrMVYJbiUeK42gr3hqc52QDa6js4oBK9YHFLPbuKM5bXyHB6DetkbMA61oQYWI6gAEAMjk8F4OR5gjOe0DhZ3FcGIuEYTtGpuLz5evCSj8xojX7XBt8-SwdYciaM-LgvwffuKmeX2lTi26RT190nvH__LP56Qc-0sz5JYYAzQsqgj4Qs0wkohUpX6-VFOgHn2e-KHpvR8UcrzhSbpi1zO7KiLIyT_UsHpVVXKB6-mj6.js?_nc_x=Ij3Wp8lg5Kz:774:138087
rl@https://static.cdninstagram.com/rsrc.php/v3ikdC4/yp/l/en_US/Vx09BVRBPmv0NwCRp_T805D9crflpmrMVYJbiUeK42gr3hqc52QDa6js4oBK9YHFLPbuKM5bXyHB6DetkbMA61oQYWI6gAEAMjk8F4OR5gjOe0DhZ3FcGIuEYTtGpuLz5evCSj8xojX7XBt8-SwdYciaM-LgvwffuKmeX2lTi26RT190nvH__LP56Qc-0sz5JYYAzQsqgj4Qs0wkohUpX6-VFOgHn2e-KHpvR8UcrzhSbpi1zO7KiLIyT_UsHpVVXKB6-mj6.js?_nc_x=Ij3Wp8lg5Kz:774:137905
bl@https://static.cdninstagram.com/rsrc.php/v3ikdC4/yp/l/en_US/Vx09BVRBPmv0NwCRp_T805D9crflpmrMVYJbiUeK42gr3hqc52QDa6js4oBK9YHFLPbuKM5bXyHB6DetkbMA61oQYWI6gAEAMjk8F4OR5gjOe0DhZ3FcGIuEYTtGpuLz5evCSj8xojX7XBt8-SwdYciaM-LgvwffuKmeX2lTi26RT190nvH__LP56Qc-0sz5JYYAzQsqgj4Qs0wkohUpX6-VFOgHn2e-KHpvR8UcrzhSbpi1zO7KiLIyT_UsHpVVXKB6-mj6.js?_nc_x=Ij3Wp8lg5Kz:774:134040
applyWithGuard@https://static.cdninstagram.com/rsrc.php/v3/yP/r/ksmA0C1RDg_.js?_nc_x=Ij3Wp8lg5Kz:59:10128
c@https://static.cdninstagram.com/rsrc.php/v3/yP/r/ksmA0C1RDg_.js?_nc_x=Ij3Wp8lg5Kz:59:10862
Q@https://static.cdninstagram.com/rsrc.php/v3/yP/r/ksmA0C1RDg_.js?_nc_x=Ij3Wp8lg5Kz:220:2968
P@https://static.cdninstagram.com/rsrc.php/v3/yP/r/ksmA0C1RDg_.js?_nc_x=Ij3Wp8lg5Kz:220:2637
Y@https://static.cdninstagram.com/rsrc.php/v3/yP/r/ksmA0C1RDg_.js?_nc_x=Ij3Wp8lg5Kz:220:3487
EventHandlerNonNull*@https://static.cdninstagram.com/rsrc.php/v3/yP/r/ksmA0C1RDg_.js?_nc_x=Ij3Wp8lg5Kz:220:3672
H@https://static.cdninstagram.com/rsrc.php/v3/yP/r/ksmA0C1RDg_.js?_nc_x=Ij3Wp8lg5Kz:47:2666
C@https://static.cdninstagram.com/rsrc.php/v3/yP/r/ksmA0C1RDg_.js?_nc_x=Ij3Wp8lg5Kz:47:1332
E@https://static.cdninstagram.com/rsrc.php/v3/yP/r/ksmA0C1RDg_.js?_nc_x=Ij3Wp8lg5Kz:47:1470
@https://static.cdninstagram.com/rsrc.php/v3/yP/r/ksmA0C1RDg_.js?_nc_x=Ij3Wp8lg5Kz:223:283
H@https://static.cdninstagram.com/rsrc.php/v3/yP/r/ksmA0C1RDg_.js?_nc_x=Ij3Wp8lg5Kz:47:2666
C@https://static.cdninstagram.com/rsrc.php/v3/yP/r/ksmA0C1RDg_.js?_nc_x=Ij3Wp8lg5Kz:47:1332
E@https://static.cdninstagram.com/rsrc.php/v3/yP/r/ksmA0C1RDg_.js?_nc_x=Ij3Wp8lg5Kz:47:1470
@https://static.cdninstagram.com/rsrc.php/v3/yP/r/ksmA0C1RDg_.js?_nc_x=Ij3Wp8lg5Kz:224:121
H@https://static.cdninstagram.com/rsrc.php/v3/yP/r/ksmA0C1RDg_.js?_nc_x=Ij3Wp8lg5Kz:47:2666
C@https://static.cdninstagram.com/rsrc.php/v3/yP/r/ksmA0C1RDg_.js?_nc_x=Ij3Wp8lg5Kz:47:1332
E@https://static.cdninstagram.com/rsrc.php/v3/yP/r/ksmA0C1RDg_.js?_nc_x=Ij3Wp8lg5Kz:47:1470
H@https://static.cdninstagram.com/rsrc.php/v3/yP/r/ksmA0C1RDg_.js?_nc_x=Ij3Wp8lg5Kz:47:2572
applyWithGuard@https://static.cdninstagram.com/rsrc.php/v3/yP/r/ksmA0C1RDg_.js?_nc_x=Ij3Wp8lg5Kz:59:10128
H@https://static.cdninstagram.com/rsrc.php/v3/yP/r/ksmA0C1RDg_.js?_nc_x=Ij3Wp8lg5Kz:47:1765
C@https://static.cdninstagram.com/rsrc.php/v3/yP/r/ksmA0C1RDg_.js?_nc_x=Ij3Wp8lg5Kz:47:1332
E@https://static.cdninstagram.com/rsrc.php/v3/yP/r/ksmA0C1RDg_.js?_nc_x=Ij3Wp8lg5Kz:47:1470
R/<@https://static.cdninstagram.com/rsrc.php/v3/yP/r/ksmA0C1RDg_.js?_nc_x=Ij3Wp8lg5Kz:47:6170
R@https://static.cdninstagram.com/rsrc.php/v3/yP/r/ksmA0C1RDg_.js?_nc_x=Ij3Wp8lg5Kz:47:6193
S@https://static.cdninstagram.com/rsrc.php/v3/yP/r/ksmA0C1RDg_.js?_nc_x=Ij3Wp8lg5Kz:47:6989
@https://www.instagram.com/belaa_zleg/:30:12

console.error: (new Error("Connection closed, pending request to server0.conn0.windowGlobal12884901889/pagestyle62, type isPositionEditable failed\n\nRequest stack:\nrequest@resource://devtools/shared/protocol/Front.js:300:14\ngenerateRequestMethods/</frontProto[name]@resource://devtools/shared/protocol/Front/FrontClassWithSpec.js:47:19\nupdateBoxModel/lastRequest<@resource://devtools/client/inspector/boxmodel/box-model.js:195:50\n", "resource://devtools/shared/protocol/Front.js", 106))
console.error: (new Error("Connection closed, pending request to server0.conn0.windowGlobal12884901889/pagestyle62, type getApplied failed\n\nRequest stack:\nrequest@resource://devtools/shared/protocol/Front.js:300:14\ngenerateRequestMethods/</frontProto[name]@resource://devtools/shared/protocol/Front/FrontClassWithSpec.js:47:19\ngetApplied@resource://devtools/client/fronts/page-style.js:61:29\nupdateBoxModel/lastRequest<@resource://devtools/client/inspector/boxmodel/box-model.js:187:44\n", "resource://devtools/shared/protocol/Front.js", 106))
console.error: (new Error("Connection closed, pending request to server0.conn0.windowGlobal12884901889/pagestyle62, type getApplied failed\n\nRequest stack:\nrequest@resource://devtools/shared/protocol/Front.js:300:14\ngenerateRequestMethods/</frontProto[name]@resource://devtools/shared/protocol/Front/FrontClassWithSpec.js:47:19\ngetApplied@resource://devtools/client/fronts/page-style.js:61:29\nupdateBoxModel/lastRequest<@resource://devtools/client/inspector/boxmodel/box-model.js:187:44\n", "resource://devtools/shared/protocol/Front.js", 106))
Handler function threw an exception: TypeError: browsingContext.currentWindowGlobal is null
Stack: isChannelFromSystemPrincipal@resource://devtools/shared/network-observer/NetworkUtils.sys.mjs:91:1
createNetworkEvent@resource://devtools/shared/network-observer/NetworkUtils.sys.mjs:179:33
#createNetworkEvent@resource://devtools/shared/network-observer/NetworkObserver.sys.mjs:696:37
#onRequestHeader@resource://devtools/shared/network-observer/NetworkObserver.sys.mjs:746:29
@resource://devtools/shared/network-observer/NetworkObserver.sys.mjs:616:28
makeInfallible/<@resource://devtools/shared/DevToolsInfaillibleUtils.sys.mjs:43:22
Line: 91, column: 1
console.error: (new TypeError("browsingContext.currentWindowGlobal is null", "resource://devtools/shared/network-observer/NetworkUtils.sys.mjs", 91))
Handler function threw an exception: TypeError: httpActivity.owner is null
Stack: #sendRequestBody@resource://devtools/shared/network-observer/NetworkObserver.sys.mjs:1509:7
#dispatchActivity@resource://devtools/shared/network-observer/NetworkObserver.sys.mjs:534:30
@resource://devtools/shared/network-observer/NetworkObserver.sys.mjs:646:29
makeInfallible/<@resource://devtools/shared/DevToolsInfaillibleUtils.sys.mjs:43:22
Line: 1509, column: 7
console.error: (new TypeError("httpActivity.owner is null", "resource://devtools/shared/network-observer/NetworkObserver.sys.mjs", 1509))
Handler function threw an exception: TypeError: browsingContext.currentWindowGlobal is null
Stack: isChannelFromSystemPrincipal@resource://devtools/shared/network-observer/NetworkUtils.sys.mjs:91:1
createNetworkEvent@resource://devtools/shared/network-observer/NetworkUtils.sys.mjs:179:33
#createNetworkEvent@resource://devtools/shared/network-observer/NetworkObserver.sys.mjs:696:37
#onRequestHeader@resource://devtools/shared/network-observer/NetworkObserver.sys.mjs:746:29
@resource://devtools/shared/network-observer/NetworkObserver.sys.mjs:616:28
makeInfallible/<@resource://devtools/shared/DevToolsInfaillibleUtils.sys.mjs:43:22
Line: 91, column: 1
console.error: (new TypeError("browsingContext.currentWindowGlobal is null", "resource://devtools/shared/network-observer/NetworkUtils.sys.mjs", 91))
Handler function threw an exception: TypeError: httpActivity.owner is null
Stack: #sendRequestBody@resource://devtools/shared/network-observer/NetworkObserver.sys.mjs:1509:7
#dispatchActivity@resource://devtools/shared/network-observer/NetworkObserver.sys.mjs:534:30
@resource://devtools/shared/network-observer/NetworkObserver.sys.mjs:646:29
makeInfallible/<@resource://devtools/shared/DevToolsInfaillibleUtils.sys.mjs:43:22
Line: 1509, column: 7
console.error: (new TypeError("httpActivity.owner is null", "resource://devtools/shared/network-observer/NetworkObserver.sys.mjs", 1509))
Handler function threw an exception: TypeError: browsingContext.currentWindowGlobal is null
Stack: isChannelFromSystemPrincipal@resource://devtools/shared/network-observer/NetworkUtils.sys.mjs:91:1
createNetworkEvent@resource://devtools/shared/network-observer/NetworkUtils.sys.mjs:179:33
#createNetworkEvent@resource://devtools/shared/network-observer/NetworkObserver.sys.mjs:696:37
#onRequestHeader@resource://devtools/shared/network-observer/NetworkObserver.sys.mjs:746:29
@resource://devtools/shared/network-observer/NetworkObserver.sys.mjs:616:28
makeInfallible/<@resource://devtools/shared/DevToolsInfaillibleUtils.sys.mjs:43:22
Line: 91, column: 1
console.error: (new TypeError("browsingContext.currentWindowGlobal is null", "resource://devtools/shared/network-observer/NetworkUtils.sys.mjs", 91))
Handler function threw an exception: TypeError: httpActivity.owner is null
Stack: #sendRequestBody@resource://devtools/shared/network-observer/NetworkObserver.sys.mjs:1509:7
#dispatchActivity@resource://devtools/shared/network-observer/NetworkObserver.sys.mjs:534:30
@resource://devtools/shared/network-observer/NetworkObserver.sys.mjs:646:29
makeInfallible/<@resource://devtools/shared/DevToolsInfaillibleUtils.sys.mjs:43:22
Line: 1509, column: 7
console.error: (new TypeError("httpActivity.owner is null", "resource://devtools/shared/network-observer/NetworkObserver.sys.mjs", 1509))
Handler function threw an exception: TypeError: httpActivity.owner is null
Stack: #onResponseHeader@resource://devtools/shared/network-observer/NetworkObserver.sys.mjs:1043:5
#dispatchActivity@resource://devtools/shared/network-observer/NetworkObserver.sys.mjs:537:31
@resource://devtools/shared/network-observer/NetworkObserver.sys.mjs:646:29
makeInfallible/<@resource://devtools/shared/DevToolsInfaillibleUtils.sys.mjs:43:22
Line: 1043, column: 5
console.error: (new TypeError("httpActivity.owner is null", "resource://devtools/shared/network-observer/NetworkObserver.sys.mjs", 1043))
Handler function threw an exception: TypeError: browsingContext.currentWindowGlobal is null
Stack: isChannelFromSystemPrincipal@resource://devtools/shared/network-observer/NetworkUtils.sys.mjs:91:1
createNetworkEvent@resource://devtools/shared/network-observer/NetworkUtils.sys.mjs:179:33
#createNetworkEvent@resource://devtools/shared/network-observer/NetworkObserver.sys.mjs:696:37
@resource://devtools/shared/network-observer/NetworkObserver.sys.mjs:327:33
makeInfallible/<@resource://devtools/shared/DevToolsInfaillibleUtils.sys.mjs:43:22
Line: 91, column: 1
console.error: (new TypeError("browsingContext.currentWindowGlobal is null", "resource://devtools/shared/network-observer/NetworkUtils.sys.mjs", 91))
Handler function threw an exception: TypeError: httpActivity.owner is null
Stack: #onResponseHeader@resource://devtools/shared/network-observer/NetworkObserver.sys.mjs:1043:5
#dispatchActivity@resource://devtools/shared/network-observer/NetworkObserver.sys.mjs:537:31
@resource://devtools/shared/network-observer/NetworkObserver.sys.mjs:646:29
makeInfallible/<@resource://devtools/shared/DevToolsInfaillibleUtils.sys.mjs:43:22
Line: 1043, column: 5
console.error: (new TypeError("httpActivity.owner is null", "resource://devtools/shared/network-observer/NetworkObserver.sys.mjs", 1043))
Handler function threw an exception: TypeError: browsingContext.currentWindowGlobal is null
Stack: isChannelFromSystemPrincipal@resource://devtools/shared/network-observer/NetworkUtils.sys.mjs:91:1
createNetworkEvent@resource://devtools/shared/network-observer/NetworkUtils.sys.mjs:179:33
#createNetworkEvent@resource://devtools/shared/network-observer/NetworkObserver.sys.mjs:696:37
@resource://devtools/shared/network-observer/NetworkObserver.sys.mjs:327:33
makeInfallible/<@resource://devtools/shared/DevToolsInfaillibleUtils.sys.mjs:43:22
Line: 91, column: 1
console.error: (new TypeError("browsingContext.currentWindowGlobal is null", "resource://devtools/shared/network-observer/NetworkUtils.sys.mjs", 91))
Handler function threw an exception: TypeError: httpActivity.owner is null
Stack: #onResponseHeader@resource://devtools/shared/network-observer/NetworkObserver.sys.mjs:1043:5
#dispatchActivity@resource://devtools/shared/network-observer/NetworkObserver.sys.mjs:537:31
@resource://devtools/shared/network-observer/NetworkObserver.sys.mjs:646:29
makeInfallible/<@resource://devtools/shared/DevToolsInfaillibleUtils.sys.mjs:43:22
Line: 1043, column: 5
console.error: (new TypeError("httpActivity.owner is null", "resource://devtools/shared/network-observer/NetworkObserver.sys.mjs", 1043))
Handler function threw an exception: TypeError: browsingContext.currentWindowGlobal is null
Stack: isChannelFromSystemPrincipal@resource://devtools/shared/network-observer/NetworkUtils.sys.mjs:91:1
createNetworkEvent@resource://devtools/shared/network-observer/NetworkUtils.sys.mjs:179:33
#createNetworkEvent@resource://devtools/shared/network-observer/NetworkObserver.sys.mjs:696:37
@resource://devtools/shared/network-observer/NetworkObserver.sys.mjs:327:33
makeInfallible/<@resource://devtools/shared/DevToolsInfaillibleUtils.sys.mjs:43:22
Line: 91, column: 1
console.error: (new TypeError("browsingContext.currentWindowGlobal is null", "resource://devtools/shared/network-observer/NetworkUtils.sys.mjs", 91))
console.error: "Unable to find target with innerWindowId:8589934593"
JavaScript warning: https://static.cdninstagram.com/rsrc.php/v3iqcA4/yl/l/en_US/Ud4IthQVFFN.js?_nc_x=Ij3Wp8lg5Kz, line 26: WEBGL_debug_renderer_info is deprecated in Firefox and will be removed. Please use RENDERER.
console.error: "update.locale" " file doesn't exist in either the application or GRE directories"
JavaScript error: , line 0: NotFoundError: No such JSWindowActor 'DevToolsFrame'
console.error: "Unable to find target with innerWindowId:15032385537"
console.error: "Unable to find target with innerWindowId:15032385537"
console.error: "Unable to find target with innerWindowId:15032385537"
JavaScript warning: https://static.cdninstagram.com/rsrc.php/v3iqcA4/yi/l/en_US/HwiPKEbrehK.js?_nc_x=Ij3Wp8lg5Kz, line 26: WEBGL_debug_renderer_info is deprecated in Firefox and will be removed. Please use RENDERER.
Handler function threw an exception: TypeError: browsingContext.currentWindowGlobal is null
Stack: isChannelFromSystemPrincipal@resource://devtools/shared/network-observer/NetworkUtils.sys.mjs:91:1
createNetworkEvent@resource://devtools/shared/network-observer/NetworkUtils.sys.mjs:179:33
#createNetworkEvent@resource://devtools/shared/network-observer/NetworkObserver.sys.mjs:696:37
#onRequestHeader@resource://devtools/shared/network-observer/NetworkObserver.sys.mjs:746:29
@resource://devtools/shared/network-observer/NetworkObserver.sys.mjs:616:28
makeInfallible/<@resource://devtools/shared/DevToolsInfaillibleUtils.sys.mjs:43:22
Line: 91, column: 1
console.error: (new TypeError("browsingContext.currentWindowGlobal is null", "resource://devtools/shared/network-observer/NetworkUtils.sys.mjs", 91))
Handler function threw an exception: TypeError: httpActivity.owner is null
Stack: #sendRequestBody@resource://devtools/shared/network-observer/NetworkObserver.sys.mjs:1509:7
#dispatchActivity@resource://devtools/shared/network-observer/NetworkObserver.sys.mjs:534:30
@resource://devtools/shared/network-observer/NetworkObserver.sys.mjs:646:29
makeInfallible/<@resource://devtools/shared/DevToolsInfaillibleUtils.sys.mjs:43:22
Line: 1509, column: 7
console.error: (new TypeError("httpActivity.owner is null", "resource://devtools/shared/network-observer/NetworkObserver.sys.mjs", 1509))
Handler function threw an exception: TypeError: browsingContext.currentWindowGlobal is null
Stack: isChannelFromSystemPrincipal@resource://devtools/shared/network-observer/NetworkUtils.sys.mjs:91:1
createNetworkEvent@resource://devtools/shared/network-observer/NetworkUtils.sys.mjs:179:33
#createNetworkEvent@resource://devtools/shared/network-observer/NetworkObserver.sys.mjs:696:37
#onRequestHeader@resource://devtools/shared/network-observer/NetworkObserver.sys.mjs:746:29
@resource://devtools/shared/network-observer/NetworkObserver.sys.mjs:616:28
makeInfallible/<@resource://devtools/shared/DevToolsInfaillibleUtils.sys.mjs:43:22
Line: 91, column: 1
console.error: (new TypeError("browsingContext.currentWindowGlobal is null", "resource://devtools/shared/network-observer/NetworkUtils.sys.mjs", 91))
Handler function threw an exception: TypeError: httpActivity.owner is null
Stack: #sendRequestBody@resource://devtools/shared/network-observer/NetworkObserver.sys.mjs:1509:7
#dispatchActivity@resource://devtools/shared/network-observer/NetworkObserver.sys.mjs:534:30
@resource://devtools/shared/network-observer/NetworkObserver.sys.mjs:646:29
makeInfallible/<@resource://devtools/shared/DevToolsInfaillibleUtils.sys.mjs:43:22
Line: 1509, column: 7
console.error: (new TypeError("httpActivity.owner is null", "resource://devtools/shared/network-observer/NetworkObserver.sys.mjs", 1509))
Handler function threw an exception: TypeError: httpActivity.owner is null
Stack: #onResponseHeader@resource://devtools/shared/network-observer/NetworkObserver.sys.mjs:1043:5
#dispatchActivity@resource://devtools/shared/network-observer/NetworkObserver.sys.mjs:537:31
@resource://devtools/shared/network-observer/NetworkObserver.sys.mjs:646:29
makeInfallible/<@resource://devtools/shared/DevToolsInfaillibleUtils.sys.mjs:43:22
Line: 1043, column: 5
console.error: (new TypeError("httpActivity.owner is null", "resource://devtools/shared/network-observer/NetworkObserver.sys.mjs", 1043))
Handler function threw an exception: TypeError: browsingContext.currentWindowGlobal is null
Stack: isChannelFromSystemPrincipal@resource://devtools/shared/network-observer/NetworkUtils.sys.mjs:91:1
createNetworkEvent@resource://devtools/shared/network-observer/NetworkUtils.sys.mjs:179:33
#createNetworkEvent@resource://devtools/shared/network-observer/NetworkObserver.sys.mjs:696:37
@resource://devtools/shared/network-observer/NetworkObserver.sys.mjs:327:33
makeInfallible/<@resource://devtools/shared/DevToolsInfaillibleUtils.sys.mjs:43:22
Line: 91, column: 1
console.error: (new TypeError("browsingContext.currentWindowGlobal is null", "resource://devtools/shared/network-observer/NetworkUtils.sys.mjs", 91))
Handler function threw an exception: TypeError: httpActivity.owner is null
Stack: #onResponseHeader@resource://devtools/shared/network-observer/NetworkObserver.sys.mjs:1043:5
#dispatchActivity@resource://devtools/shared/network-observer/NetworkObserver.sys.mjs:537:31
@resource://devtools/shared/network-observer/NetworkObserver.sys.mjs:646:29
makeInfallible/<@resource://devtools/shared/DevToolsInfaillibleUtils.sys.mjs:43:22
Line: 1043, column: 5
console.error: (new TypeError("httpActivity.owner is null", "resource://devtools/shared/network-observer/NetworkObserver.sys.mjs", 1043))
Handler function threw an exception: TypeError: browsingContext.currentWindowGlobal is null
Stack: isChannelFromSystemPrincipal@resource://devtools/shared/network-observer/NetworkUtils.sys.mjs:91:1
createNetworkEvent@resource://devtools/shared/network-observer/NetworkUtils.sys.mjs:179:33
#createNetworkEvent@resource://devtools/shared/network-observer/NetworkObserver.sys.mjs:696:37
@resource://devtools/shared/network-observer/NetworkObserver.sys.mjs:327:33
makeInfallible/<@resource://devtools/shared/DevToolsInfaillibleUtils.sys.mjs:43:22
Line: 91, column: 1
console.error: (new TypeError("browsingContext.currentWindowGlobal is null", "resource://devtools/shared/network-observer/NetworkUtils.sys.mjs", 91))
console.error: "Unable to find target with innerWindowId:19327352833"
JavaScript warning: https://static.cdninstagram.com/rsrc.php/v3iqcA4/yi/l/en_US/HwiPKEbrehK.js?_nc_x=Ij3Wp8lg5Kz, line 26: WEBGL_debug_renderer_info is deprecated in Firefox and will be removed. Please use RENDERER.
console.error: "Unable to find target with innerWindowId:21474836481"
JavaScript warning: https://static.cdninstagram.com/rsrc.php/v3iqcA4/yi/l/en_US/HwiPKEbrehK.js?_nc_x=Ij3Wp8lg5Kz, line 26: WEBGL_debug_renderer_info is deprecated in Firefox and will be removed. Please use RENDERER.
Handler function threw an exception: [Exception... "Component returned failure code: 0x80040111 (NS_ERROR_NOT_AVAILABLE) [nsIHttpChannelInternal.remoteAddress]"  nsresult: "0x80040111 (NS_ERROR_NOT_AVAILABLE)"  location: "JS frame :: resource://devtools/shared/network-observer/NetworkObserver.sys.mjs :: #onResponseHeader :: line 1022"  data: no]
Stack: #onResponseHeader@resource://devtools/shared/network-observer/NetworkObserver.sys.mjs:1022:5
#dispatchActivity@resource://devtools/shared/network-observer/NetworkObserver.sys.mjs:537:31
@resource://devtools/shared/network-observer/NetworkObserver.sys.mjs:646:29
makeInfallible/<@resource://devtools/shared/DevToolsInfaillibleUtils.sys.mjs:43:22
Line: 1022, column: 0
console.error: ({})
console.error: "Unable to find target with innerWindowId:25769803777"
Handler function threw an exception: [Exception... "Component returned failure code: 0x80040111 (NS_ERROR_NOT_AVAILABLE) [nsIHttpChannelInternal.remoteAddress]"  nsresult: "0x80040111 (NS_ERROR_NOT_AVAILABLE)"  location: "JS frame :: resource://devtools/shared/network-observer/NetworkObserver.sys.mjs :: #onResponseHeader :: line 1022"  data: no]
Stack: #onResponseHeader@resource://devtools/shared/network-observer/NetworkObserver.sys.mjs:1022:5
#dispatchActivity@resource://devtools/shared/network-observer/NetworkObserver.sys.mjs:537:31
@resource://devtools/shared/network-observer/NetworkObserver.sys.mjs:646:29
makeInfallible/<@resource://devtools/shared/DevToolsInfaillibleUtils.sys.mjs:43:22
Line: 1022, column: 0
console.error: ({})
JavaScript warning: https://static.cdninstagram.com/rsrc.php/v3iqcA4/yi/l/en_US/HwiPKEbrehK.js?_nc_x=Ij3Wp8lg5Kz, line 26: WEBGL_debug_renderer_info is deprecated in Firefox and will be removed. Please use RENDERER.
1680319428235	geckodriver	INFO	Listening on 127.0.0.1:58583
1680319428240	mozrunner::runner	INFO	Running command: "/usr/bin/firefox" "--marionette" "-no-remote" "-profile" "/tmp/rust_mozprofileMU3Goc"
console.warn: services.settings: Ignoring preference override of remote settings server
console.warn: services.settings: Allow by setting MOZ_REMOTE_SETTINGS_DEVTOOLS=1 in the environment
[GFX1-]: glxtest: VA-API test failed: no supported VAAPI profile found.
ATTENTION: default value of option mesa_glthread overridden by environment.
ATTENTION: default value of option mesa_glthread overridden by environment.
ATTENTION: default value of option mesa_glthread overridden by environment.
ATTENTION: default value of option mesa_glthread overridden by environment.
1680319431222	Marionette	INFO	Marionette enabled
1680319431238	Marionette	INFO	Listening on port 43451
Read port: 43451
1680319431403	RemoteAgent	WARN	TLS certificate errors will be ignored for this session
console.error: ({})
console.warn: SearchSettings: "get: No settings file exists, new profile?" (new NotFoundError("Could not open the file at /tmp/rust_mozprofileMU3Goc/search.json.mozlz4", (void 0)))
console.error: (new TypeError("this._searchProviderInfo is null", "resource:///modules/SearchSERPTelemetry.sys.mjs", 468))
JavaScript warning: https://static.cdninstagram.com/rsrc.php/v3iqcA4/yi/l/en_US/HwiPKEbrehK.js?_nc_x=Ij3Wp8lg5Kz, line 26: WEBGL_debug_renderer_info is deprecated in Firefox and will be removed. Please use RENDERER.
1680319547710	Marionette	INFO	Stopped listening on port 43451
1680319560326	geckodriver	INFO	Listening on 127.0.0.1:58555
1680319560335	mozrunner::runner	INFO	Running command: "/usr/bin/firefox" "--marionette" "-no-remote" "-profile" "/tmp/rust_mozprofileJaWf4i"
console.warn: services.settings: Ignoring preference override of remote settings server
console.warn: services.settings: Allow by setting MOZ_REMOTE_SETTINGS_DEVTOOLS=1 in the environment
[GFX1-]: glxtest: VA-API test failed: no supported VAAPI profile found.
ATTENTION: default value of option mesa_glthread overridden by environment.
ATTENTION: default value of option mesa_glthread overridden by environment.
ATTENTION: default value of option mesa_glthread overridden by environment.
ATTENTION: default value of option mesa_glthread overridden by environment.
1680319564101	Marionette	INFO	Marionette enabled
1680319564114	Marionette	INFO	Listening on port 33827
Read port: 33827
1680319564284	RemoteAgent	WARN	TLS certificate errors will be ignored for this session
console.error: ({})
console.warn: SearchSettings: "get: No settings file exists, new profile?" (new NotFoundError("Could not open the file at /tmp/rust_mozprofileJaWf4i/search.json.mozlz4", (void 0)))
console.error: (new TypeError("this._searchProviderInfo is null", "resource:///modules/SearchSERPTelemetry.sys.mjs", 468))
JavaScript warning: https://static.cdninstagram.com/rsrc.php/v3iqcA4/yi/l/en_US/HwiPKEbrehK.js?_nc_x=Ij3Wp8lg5Kz, line 26: WEBGL_debug_renderer_info is deprecated in Firefox and will be removed. Please use RENDERER.
JavaScript warning: https://static.cdninstagram.com/rsrc.php/v3iqcA4/yi/l/en_US/HwiPKEbrehK.js?_nc_x=Ij3Wp8lg5Kz, line 26: WEBGL_debug_renderer_info is deprecated in Firefox and will be removed. Please use RENDERER.
1680319624947	Marionette	INFO	Stopped listening on port 33827
1680319682406	geckodriver	INFO	Listening on 127.0.0.1:48331
1680319682412	mozrunner::runner	INFO	Running command: "/usr/bin/firefox" "--marionette" "-no-remote" "-profile" "/tmp/rust_mozprofileTZKS2H"
console.warn: services.settings: Ignoring preference override of remote settings server
console.warn: services.settings: Allow by setting MOZ_REMOTE_SETTINGS_DEVTOOLS=1 in the environment
[GFX1-]: glxtest: VA-API test failed: no supported VAAPI profile found.
ATTENTION: default value of option mesa_glthread overridden by environment.
ATTENTION: default value of option mesa_glthread overridden by environment.
ATTENTION: default value of option mesa_glthread overridden by environment.
ATTENTION: default value of option mesa_glthread overridden by environment.
1680319685339	Marionette	INFO	Marionette enabled
1680319685350	Marionette	INFO	Listening on port 46075
Read port: 46075
1680319685520	RemoteAgent	WARN	TLS certificate errors will be ignored for this session
console.error: ({})
console.warn: SearchSettings: "get: No settings file exists, new profile?" (new NotFoundError("Could not open the file at /tmp/rust_mozprofileTZKS2H/search.json.mozlz4", (void 0)))
console.error: (new TypeError("this._searchProviderInfo is null", "resource:///modules/SearchSERPTelemetry.sys.mjs", 468))
JavaScript warning: https://static.cdninstagram.com/rsrc.php/v3iqcA4/yi/l/en_US/HwiPKEbrehK.js?_nc_x=Ij3Wp8lg5Kz, line 26: WEBGL_debug_renderer_info is deprecated in Firefox and will be removed. Please use RENDERER.
console.error: "update.locale" " file doesn't exist in either the application or GRE directories"
JavaScript error: , line 0: NotFoundError: No such JSWindowActor 'DevToolsFrame'
JavaScript warning: https://static.cdninstagram.com/rsrc.php/v3iqcA4/yi/l/en_US/HwiPKEbrehK.js?_nc_x=Ij3Wp8lg5Kz, line 26: WEBGL_debug_renderer_info is deprecated in Firefox and will be removed. Please use RENDERER.
JavaScript error: resource://devtools/server/actors/resources/network-events-content.js, line 67: NS_NOINTERFACE: Component returned failure code: 0x80004002 (NS_NOINTERFACE) [nsISupports.QueryInterface]
JavaScript error: , line 0: NotFoundError: No such JSWindowActor 'DevToolsFrame'
1680321259308	Marionette	INFO	Stopped listening on port 46075
1680321270470	geckodriver	INFO	Listening on 127.0.0.1:35533
1680321270477	mozrunner::runner	INFO	Running command: "/usr/bin/firefox" "--marionette" "-no-remote" "-profile" "/tmp/rust_mozprofileBNJQHr"
console.warn: services.settings: Ignoring preference override of remote settings server
console.warn: services.settings: Allow by setting MOZ_REMOTE_SETTINGS_DEVTOOLS=1 in the environment
[GFX1-]: glxtest: VA-API test failed: no supported VAAPI profile found.
ATTENTION: default value of option mesa_glthread overridden by environment.
ATTENTION: default value of option mesa_glthread overridden by environment.
ATTENTION: default value of option mesa_glthread overridden by environment.
ATTENTION: default value of option mesa_glthread overridden by environment.
1680321274079	Marionette	INFO	Marionette enabled
1680321274090	Marionette	INFO	Listening on port 40485
Read port: 40485
1680321274261	RemoteAgent	WARN	TLS certificate errors will be ignored for this session
console.error: ({})
console.warn: SearchSettings: "get: No settings file exists, new profile?" (new NotFoundError("Could not open the file at /tmp/rust_mozprofileBNJQHr/search.json.mozlz4", (void 0)))
console.error: (new TypeError("this._searchProviderInfo is null", "resource:///modules/SearchSERPTelemetry.sys.mjs", 468))
JavaScript warning: https://static.cdninstagram.com/rsrc.php/v3iqcA4/yi/l/en_US/HwiPKEbrehK.js?_nc_x=Ij3Wp8lg5Kz, line 26: WEBGL_debug_renderer_info is deprecated in Firefox and will be removed. Please use RENDERER.
1680321292861	Marionette	INFO	Stopped listening on port 40485
WARNING: A blocker encountered an error while we were waiting.
          Blocker:  Waiting for ping task
          Phase: TelemetryController: Waiting for pending ping activity
          State: (none)
WARNING: Error: Phase "profile-before-change" is finished, it is too late to register completion condition "OS.File: flush I/O queued before profileBeforeChange"
WARNING: addBlocker@resource://gre/modules/AsyncShutdown.sys.mjs:727:15
addBlocker@resource://gre/modules/AsyncShutdown.sys.mjs:523:26
addBlocker@resource://gre/modules/AsyncShutdown.sys.mjs:458:15
setupShutdown@resource://gre/modules/osfile/osfile_async_front.jsm:1548:28
@resource://gre/modules/osfile/osfile_async_front.jsm:1568:16
@resource://gre/modules/osfile.jsm:12:30
@resource://gre/modules/TelemetryStorage.sys.mjs:10:28
_checkPendingPings@resource://gre/modules/TelemetrySend.sys.mjs:863:17
setup@resource://gre/modules/TelemetrySend.sys.mjs:803:18
setup@resource://gre/modules/TelemetrySend.sys.mjs:241:30
setupTelemetry/this._delayedInitTask<@resource://gre/modules/TelemetryControllerParent.sys.mjs:828:36
observe@resource://gre/modules/AsyncShutdown.sys.mjs:576:16

console.error: "TelemetryScheduler.shutdown - Already shut down"
WARNING: A blocker encountered an error while we were waiting.
          Blocker:  Waiting for ping task
          Phase: TelemetryController: Waiting for pending ping activity
          State: (none)
WARNING: Error: Phase "profile-before-change" is finished, it is too late to register completion condition "OS.File: flush I/O queued before profileBeforeChange"
WARNING: addBlocker@resource://gre/modules/AsyncShutdown.sys.mjs:727:15
addBlocker@resource://gre/modules/AsyncShutdown.sys.mjs:523:26
addBlocker@resource://gre/modules/AsyncShutdown.sys.mjs:458:15
setupShutdown@resource://gre/modules/osfile/osfile_async_front.jsm:1548:28
@resource://gre/modules/osfile/osfile_async_front.jsm:1568:16
@resource://gre/modules/osfile.jsm:12:30
@resource://gre/modules/TelemetryStorage.sys.mjs:10:28
_checkPendingPings@resource://gre/modules/TelemetrySend.sys.mjs:863:17
setup@resource://gre/modules/TelemetrySend.sys.mjs:803:18
setup@resource://gre/modules/TelemetrySend.sys.mjs:241:30
setupTelemetry/this._delayedInitTask<@resource://gre/modules/TelemetryControllerParent.sys.mjs:828:36
observe@resource://gre/modules/AsyncShutdown.sys.mjs:576:16

WARNING: A blocker encountered an error while we were waiting.
          Blocker:  Waiting for ping task
          Phase: TelemetryController: Waiting for pending ping activity
          State: (none)
WARNING: Error: Phase "profile-before-change" is finished, it is too late to register completion condition "OS.File: flush I/O queued before profileBeforeChange"
WARNING: addBlocker@resource://gre/modules/AsyncShutdown.sys.mjs:727:15
addBlocker@resource://gre/modules/AsyncShutdown.sys.mjs:523:26
addBlocker@resource://gre/modules/AsyncShutdown.sys.mjs:458:15
setupShutdown@resource://gre/modules/osfile/osfile_async_front.jsm:1548:28
@resource://gre/modules/osfile/osfile_async_front.jsm:1568:16
@resource://gre/modules/osfile.jsm:12:30
@resource://gre/modules/TelemetryStorage.sys.mjs:10:28
_checkPendingPings@resource://gre/modules/TelemetrySend.sys.mjs:863:17
setup@resource://gre/modules/TelemetrySend.sys.mjs:803:18
setup@resource://gre/modules/TelemetrySend.sys.mjs:241:30
setupTelemetry/this._delayedInitTask<@resource://gre/modules/TelemetryControllerParent.sys.mjs:828:36
observe@resource://gre/modules/AsyncShutdown.sys.mjs:576:16

WARNING: A blocker encountered an error while we were waiting.
          Blocker:  TelemetryController: shutting down
          Phase: profile-before-change-telemetry
          State: Error getting state: Error: Phase "profile-before-change" is finished, it is too late to register completion condition "OS.File: flush I/O queued before profileBeforeChange" at addBlocker@resource://gre/modules/AsyncShutdown.sys.mjs:727:15
addBlocker@resource://gre/modules/AsyncShutdown.sys.mjs:523:26
addBlocker@resource://gre/modules/AsyncShutdown.sys.mjs:458:15
setupShutdown@resource://gre/modules/osfile/osfile_async_front.jsm:1548:28
@resource://gre/modules/osfile/osfile_async_front.jsm:1568:16
@resource://gre/modules/osfile.jsm:12:30
@resource://gre/modules/TelemetryStorage.sys.mjs:10:28
_checkPendingPings@resource://gre/modules/TelemetrySend.sys.mjs:863:17
setup@resource://gre/modules/TelemetrySend.sys.mjs:803:18
setup@resource://gre/modules/TelemetrySend.sys.mjs:241:30
setupTelemetry/this._delayedInitTask<@resource://gre/modules/TelemetryControllerParent.sys.mjs:828:36
observe@resource://gre/modules/AsyncShutdown.sys.mjs:576:16

WARNING: Error: Phase "profile-before-change" is finished, it is too late to register completion condition "OS.File: flush I/O queued before profileBeforeChange"
WARNING: addBlocker@resource://gre/modules/AsyncShutdown.sys.mjs:727:15
addBlocker@resource://gre/modules/AsyncShutdown.sys.mjs:523:26
addBlocker@resource://gre/modules/AsyncShutdown.sys.mjs:458:15
setupShutdown@resource://gre/modules/osfile/osfile_async_front.jsm:1548:28
@resource://gre/modules/osfile/osfile_async_front.jsm:1568:16
@resource://gre/modules/osfile.jsm:12:30
@resource://gre/modules/TelemetryStorage.sys.mjs:10:28
_checkPendingPings@resource://gre/modules/TelemetrySend.sys.mjs:863:17
setup@resource://gre/modules/TelemetrySend.sys.mjs:803:18
setup@resource://gre/modules/TelemetrySend.sys.mjs:241:30
setupTelemetry/this._delayedInitTask<@resource://gre/modules/TelemetryControllerParent.sys.mjs:828:36
observe@resource://gre/modules/AsyncShutdown.sys.mjs:576:16

JavaScript error: resource://gre/modules/AsyncShutdown.sys.mjs, line 727: Error: Phase "profile-before-change" is finished, it is too late to register completion condition "OS.File: flush I/O queued before profileBeforeChange"
JavaScript error: resource://gre/modules/AsyncShutdown.sys.mjs, line 727: Error: Phase "profile-before-change" is finished, it is too late to register completion condition "OS.File: flush I/O queued before profileBeforeChange"
JavaScript error: resource://gre/modules/AsyncShutdown.sys.mjs, line 727: Error: Phase "profile-before-change" is finished, it is too late to register completion condition "OS.File: flush I/O queued before profileBeforeChange"
JavaScript error: resource://gre/modules/AsyncShutdown.sys.mjs, line 727: Error: Phase "profile-before-change" is finished, it is too late to register completion condition "OS.File: flush I/O queued before profileBeforeChange"
JavaScript error: resource://gre/modules/AsyncShutdown.sys.mjs, line 727: Error: Phase "profile-before-change" is finished, it is too late to register completion condition "OS.File: flush I/O queued before profileBeforeChange"
JavaScript error: resource://gre/modules/AsyncShutdown.sys.mjs, line 727: Error: Phase "profile-before-change" is finished, it is too late to register completion condition "OS.File: flush I/O queued before profileBeforeChange"
1680321294930	geckodriver	INFO	Listening on 127.0.0.1:51479
1680321294939	mozrunner::runner	INFO	Running command: "/usr/bin/firefox" "--marionette" "-no-remote" "-profile" "/tmp/rust_mozprofile3wm35z"
console.warn: services.settings: Ignoring preference override of remote settings server
console.warn: services.settings: Allow by setting MOZ_REMOTE_SETTINGS_DEVTOOLS=1 in the environment
[GFX1-]: glxtest: VA-API test failed: no supported VAAPI profile found.
ATTENTION: default value of option mesa_glthread overridden by environment.
ATTENTION: default value of option mesa_glthread overridden by environment.
ATTENTION: default value of option mesa_glthread overridden by environment.
ATTENTION: default value of option mesa_glthread overridden by environment.
1680321297897	Marionette	INFO	Marionette enabled
1680321297908	Marionette	INFO	Listening on port 35089
Read port: 35089
1680321298083	RemoteAgent	WARN	TLS certificate errors will be ignored for this session
console.error: ({})
console.warn: SearchSettings: "get: No settings file exists, new profile?" (new NotFoundError("Could not open the file at /tmp/rust_mozprofile3wm35z/search.json.mozlz4", (void 0)))
JavaScript warning: https://static.cdninstagram.com/rsrc.php/v3iqcA4/yi/l/en_US/HwiPKEbrehK.js?_nc_x=Ij3Wp8lg5Kz, line 26: WEBGL_debug_renderer_info is deprecated in Firefox and will be removed. Please use RENDERER.
JavaScript warning: https://static.cdninstagram.com/rsrc.php/v3iqcA4/yi/l/en_US/HwiPKEbrehK.js?_nc_x=Ij3Wp8lg5Kz, line 26: WEBGL_debug_renderer_info is deprecated in Firefox and will be removed. Please use RENDERER.
JavaScript warning: https://static.cdninstagram.com/rsrc.php/v3iqcA4/yi/l/en_US/HwiPKEbrehK.js?_nc_x=Ij3Wp8lg5Kz, line 26: WEBGL_debug_renderer_info is deprecated in Firefox and will be removed. Please use RENDERER.
Marionette threw an error: TypeError: browsingContext.currentWindowGlobal is null
getMarionetteCommandsActorProxy/get/<@chrome://remote/content/marionette/actors/MarionetteCommandsParent.sys.mjs:297:29
observe@resource://gre/modules/AsyncShutdown.sys.mjs:576:16

console.error: "Marionette threw an error: TypeError: browsingContext.currentWindowGlobal is null\ngetMarionetteCommandsActorProxy/get/<@chrome://remote/content/marionette/actors/MarionetteCommandsParent.sys.mjs:297:29\nobserve@resource://gre/modules/AsyncShutdown.sys.mjs:576:16\n"
1680321322188	Marionette	INFO	Stopped listening on port 35089
JavaScript error: chrome://remote/content/marionette/cert.sys.mjs, line 51: NS_ERROR_NOT_AVAILABLE: Component returned failure code: 0x80040111 (NS_ERROR_NOT_AVAILABLE) [nsICertOverrideService.setDisableAllSecurityChecksAndLetAttackersInterceptMyData]
WARNING: A blocker encountered an error while we were waiting.
          Blocker:  Waiting for ping task
          Phase: TelemetryController: Waiting for pending ping activity
          State: (none)
WARNING: Error: Phase "profile-before-change" is finished, it is too late to register completion condition "OS.File: flush I/O queued before profileBeforeChange"
WARNING: addBlocker@resource://gre/modules/AsyncShutdown.sys.mjs:727:15
addBlocker@resource://gre/modules/AsyncShutdown.sys.mjs:523:26
addBlocker@resource://gre/modules/AsyncShutdown.sys.mjs:458:15
setupShutdown@resource://gre/modules/osfile/osfile_async_front.jsm:1548:28
@resource://gre/modules/osfile/osfile_async_front.jsm:1568:16
@resource://gre/modules/osfile.jsm:12:30
@resource://gre/modules/TelemetryStorage.sys.mjs:10:28
_checkPendingPings@resource://gre/modules/TelemetrySend.sys.mjs:863:17
setup@resource://gre/modules/TelemetrySend.sys.mjs:803:18
setup@resource://gre/modules/TelemetrySend.sys.mjs:241:30
setupTelemetry/this._delayedInitTask<@resource://gre/modules/TelemetryControllerParent.sys.mjs:828:36
observe@resource://gre/modules/AsyncShutdown.sys.mjs:576:16

console.error: "TelemetryScheduler.shutdown - Already shut down"
WARNING: A blocker encountered an error while we were waiting.
          Blocker:  Waiting for ping task
          Phase: TelemetryController: Waiting for pending ping activity
          State: (none)
WARNING: Error: Phase "profile-before-change" is finished, it is too late to register completion condition "OS.File: flush I/O queued before profileBeforeChange"
WARNING: addBlocker@resource://gre/modules/AsyncShutdown.sys.mjs:727:15
addBlocker@resource://gre/modules/AsyncShutdown.sys.mjs:523:26
addBlocker@resource://gre/modules/AsyncShutdown.sys.mjs:458:15
setupShutdown@resource://gre/modules/osfile/osfile_async_front.jsm:1548:28
@resource://gre/modules/osfile/osfile_async_front.jsm:1568:16
@resource://gre/modules/osfile.jsm:12:30
@resource://gre/modules/TelemetryStorage.sys.mjs:10:28
_checkPendingPings@resource://gre/modules/TelemetrySend.sys.mjs:863:17
setup@resource://gre/modules/TelemetrySend.sys.mjs:803:18
setup@resource://gre/modules/TelemetrySend.sys.mjs:241:30
setupTelemetry/this._delayedInitTask<@resource://gre/modules/TelemetryControllerParent.sys.mjs:828:36
observe@resource://gre/modules/AsyncShutdown.sys.mjs:576:16

WARNING: A blocker encountered an error while we were waiting.
          Blocker:  Waiting for ping task
          Phase: TelemetryController: Waiting for pending ping activity
          State: (none)
WARNING: Error: Phase "profile-before-change" is finished, it is too late to register completion condition "OS.File: flush I/O queued before profileBeforeChange"
WARNING: addBlocker@resource://gre/modules/AsyncShutdown.sys.mjs:727:15
addBlocker@resource://gre/modules/AsyncShutdown.sys.mjs:523:26
addBlocker@resource://gre/modules/AsyncShutdown.sys.mjs:458:15
setupShutdown@resource://gre/modules/osfile/osfile_async_front.jsm:1548:28
@resource://gre/modules/osfile/osfile_async_front.jsm:1568:16
@resource://gre/modules/osfile.jsm:12:30
@resource://gre/modules/TelemetryStorage.sys.mjs:10:28
_checkPendingPings@resource://gre/modules/TelemetrySend.sys.mjs:863:17
setup@resource://gre/modules/TelemetrySend.sys.mjs:803:18
setup@resource://gre/modules/TelemetrySend.sys.mjs:241:30
setupTelemetry/this._delayedInitTask<@resource://gre/modules/TelemetryControllerParent.sys.mjs:828:36
observe@resource://gre/modules/AsyncShutdown.sys.mjs:576:16

WARNING: A blocker encountered an error while we were waiting.
          Blocker:  TelemetryController: shutting down
          Phase: profile-before-change-telemetry
          State: Error getting state: Error: Phase "profile-before-change" is finished, it is too late to register completion condition "OS.File: flush I/O queued before profileBeforeChange" at addBlocker@resource://gre/modules/AsyncShutdown.sys.mjs:727:15
addBlocker@resource://gre/modules/AsyncShutdown.sys.mjs:523:26
addBlocker@resource://gre/modules/AsyncShutdown.sys.mjs:458:15
setupShutdown@resource://gre/modules/osfile/osfile_async_front.jsm:1548:28
@resource://gre/modules/osfile/osfile_async_front.jsm:1568:16
@resource://gre/modules/osfile.jsm:12:30
@resource://gre/modules/TelemetryStorage.sys.mjs:10:28
_checkPendingPings@resource://gre/modules/TelemetrySend.sys.mjs:863:17
setup@resource://gre/modules/TelemetrySend.sys.mjs:803:18
setup@resource://gre/modules/TelemetrySend.sys.mjs:241:30
setupTelemetry/this._delayedInitTask<@resource://gre/modules/TelemetryControllerParent.sys.mjs:828:36
observe@resource://gre/modules/AsyncShutdown.sys.mjs:576:16

WARNING: Error: Phase "profile-before-change" is finished, it is too late to register completion condition "OS.File: flush I/O queued before profileBeforeChange"
WARNING: addBlocker@resource://gre/modules/AsyncShutdown.sys.mjs:727:15
addBlocker@resource://gre/modules/AsyncShutdown.sys.mjs:523:26
addBlocker@resource://gre/modules/AsyncShutdown.sys.mjs:458:15
setupShutdown@resource://gre/modules/osfile/osfile_async_front.jsm:1548:28
@resource://gre/modules/osfile/osfile_async_front.jsm:1568:16
@resource://gre/modules/osfile.jsm:12:30
@resource://gre/modules/TelemetryStorage.sys.mjs:10:28
_checkPendingPings@resource://gre/modules/TelemetrySend.sys.mjs:863:17
setup@resource://gre/modules/TelemetrySend.sys.mjs:803:18
setup@resource://gre/modules/TelemetrySend.sys.mjs:241:30
setupTelemetry/this._delayedInitTask<@resource://gre/modules/TelemetryControllerParent.sys.mjs:828:36
observe@resource://gre/modules/AsyncShutdown.sys.mjs:576:16

JavaScript error: resource://gre/modules/AsyncShutdown.sys.mjs, line 727: Error: Phase "profile-before-change" is finished, it is too late to register completion condition "OS.File: flush I/O queued before profileBeforeChange"
JavaScript error: resource://gre/modules/AsyncShutdown.sys.mjs, line 727: Error: Phase "profile-before-change" is finished, it is too late to register completion condition "OS.File: flush I/O queued before profileBeforeChange"
JavaScript error: resource://gre/modules/AsyncShutdown.sys.mjs, line 727: Error: Phase "profile-before-change" is finished, it is too late to register completion condition "OS.File: flush I/O queued before profileBeforeChange"
JavaScript error: resource://gre/modules/AsyncShutdown.sys.mjs, line 727: Error: Phase "profile-before-change" is finished, it is too late to register completion condition "OS.File: flush I/O queued before profileBeforeChange"
JavaScript error: resource://gre/modules/AsyncShutdown.sys.mjs, line 727: Error: Phase "profile-before-change" is finished, it is too late to register completion condition "OS.File: flush I/O queued before profileBeforeChange"
JavaScript error: resource://gre/modules/AsyncShutdown.sys.mjs, line 727: Error: Phase "profile-before-change" is finished, it is too late to register completion condition "OS.File: flush I/O queued before profileBeforeChange"
1680321347481	geckodriver	INFO	Listening on 127.0.0.1:56681
1680321347486	mozrunner::runner	INFO	Running command: "/usr/bin/firefox" "--marionette" "-no-remote" "-profile" "/tmp/rust_mozprofilel3FyWR"
console.warn: services.settings: Ignoring preference override of remote settings server
console.warn: services.settings: Allow by setting MOZ_REMOTE_SETTINGS_DEVTOOLS=1 in the environment
[GFX1-]: glxtest: VA-API test failed: no supported VAAPI profile found.
ATTENTION: default value of option mesa_glthread overridden by environment.
ATTENTION: default value of option mesa_glthread overridden by environment.
ATTENTION: default value of option mesa_glthread overridden by environment.
ATTENTION: default value of option mesa_glthread overridden by environment.
1680321350633	Marionette	INFO	Marionette enabled
1680321350644	Marionette	INFO	Listening on port 37161
Read port: 37161
1680321350817	RemoteAgent	WARN	TLS certificate errors will be ignored for this session
console.error: ({})
console.warn: SearchSettings: "get: No settings file exists, new profile?" (new NotFoundError("Could not open the file at /tmp/rust_mozprofilel3FyWR/search.json.mozlz4", (void 0)))
JavaScript warning: https://static.cdninstagram.com/rsrc.php/v3iqcA4/yi/l/en_US/HwiPKEbrehK.js?_nc_x=Ij3Wp8lg5Kz, line 26: WEBGL_debug_renderer_info is deprecated in Firefox and will be removed. Please use RENDERER.
JavaScript warning: https://static.cdninstagram.com/rsrc.php/v3iqcA4/yi/l/en_US/HwiPKEbrehK.js?_nc_x=Ij3Wp8lg5Kz, line 26: WEBGL_debug_renderer_info is deprecated in Firefox and will be removed. Please use RENDERER.
1680321384640	Marionette	INFO	Stopped listening on port 37161
WARNING: A blocker encountered an error while we were waiting.
          Blocker:  Waiting for ping task
          Phase: TelemetryController: Waiting for pending ping activity
          State: (none)
WARNING: Error: Phase "profile-before-change" is finished, it is too late to register completion condition "OS.File: flush I/O queued before profileBeforeChange"
WARNING: addBlocker@resource://gre/modules/AsyncShutdown.sys.mjs:727:15
addBlocker@resource://gre/modules/AsyncShutdown.sys.mjs:523:26
addBlocker@resource://gre/modules/AsyncShutdown.sys.mjs:458:15
setupShutdown@resource://gre/modules/osfile/osfile_async_front.jsm:1548:28
@resource://gre/modules/osfile/osfile_async_front.jsm:1568:16
@resource://gre/modules/osfile.jsm:12:30
@resource://gre/modules/TelemetryStorage.sys.mjs:10:28
_checkPendingPings@resource://gre/modules/TelemetrySend.sys.mjs:863:17
setup@resource://gre/modules/TelemetrySend.sys.mjs:803:18
setup@resource://gre/modules/TelemetrySend.sys.mjs:241:30
setupTelemetry/this._delayedInitTask<@resource://gre/modules/TelemetryControllerParent.sys.mjs:828:36
observe@resource://gre/modules/AsyncShutdown.sys.mjs:576:16

console.error: "TelemetryScheduler.shutdown - Already shut down"
WARNING: A blocker encountered an error while we were waiting.
          Blocker:  Waiting for ping task
          Phase: TelemetryController: Waiting for pending ping activity
          State: (none)
WARNING: Error: Phase "profile-before-change" is finished, it is too late to register completion condition "OS.File: flush I/O queued before profileBeforeChange"
WARNING: addBlocker@resource://gre/modules/AsyncShutdown.sys.mjs:727:15
addBlocker@resource://gre/modules/AsyncShutdown.sys.mjs:523:26
addBlocker@resource://gre/modules/AsyncShutdown.sys.mjs:458:15
setupShutdown@resource://gre/modules/osfile/osfile_async_front.jsm:1548:28
@resource://gre/modules/osfile/osfile_async_front.jsm:1568:16
@resource://gre/modules/osfile.jsm:12:30
@resource://gre/modules/TelemetryStorage.sys.mjs:10:28
_checkPendingPings@resource://gre/modules/TelemetrySend.sys.mjs:863:17
setup@resource://gre/modules/TelemetrySend.sys.mjs:803:18
setup@resource://gre/modules/TelemetrySend.sys.mjs:241:30
setupTelemetry/this._delayedInitTask<@resource://gre/modules/TelemetryControllerParent.sys.mjs:828:36
observe@resource://gre/modules/AsyncShutdown.sys.mjs:576:16

WARNING: A blocker encountered an error while we were waiting.
          Blocker:  Waiting for ping task
          Phase: TelemetryController: Waiting for pending ping activity
          State: (none)
WARNING: Error: Phase "profile-before-change" is finished, it is too late to register completion condition "OS.File: flush I/O queued before profileBeforeChange"
WARNING: addBlocker@resource://gre/modules/AsyncShutdown.sys.mjs:727:15
addBlocker@resource://gre/modules/AsyncShutdown.sys.mjs:523:26
addBlocker@resource://gre/modules/AsyncShutdown.sys.mjs:458:15
setupShutdown@resource://gre/modules/osfile/osfile_async_front.jsm:1548:28
@resource://gre/modules/osfile/osfile_async_front.jsm:1568:16
@resource://gre/modules/osfile.jsm:12:30
@resource://gre/modules/TelemetryStorage.sys.mjs:10:28
_checkPendingPings@resource://gre/modules/TelemetrySend.sys.mjs:863:17
setup@resource://gre/modules/TelemetrySend.sys.mjs:803:18
setup@resource://gre/modules/TelemetrySend.sys.mjs:241:30
setupTelemetry/this._delayedInitTask<@resource://gre/modules/TelemetryControllerParent.sys.mjs:828:36
observe@resource://gre/modules/AsyncShutdown.sys.mjs:576:16

WARNING: A blocker encountered an error while we were waiting.
          Blocker:  TelemetryController: shutting down
          Phase: profile-before-change-telemetry
          State: Error getting state: Error: Phase "profile-before-change" is finished, it is too late to register completion condition "OS.File: flush I/O queued before profileBeforeChange" at addBlocker@resource://gre/modules/AsyncShutdown.sys.mjs:727:15
addBlocker@resource://gre/modules/AsyncShutdown.sys.mjs:523:26
addBlocker@resource://gre/modules/AsyncShutdown.sys.mjs:458:15
setupShutdown@resource://gre/modules/osfile/osfile_async_front.jsm:1548:28
@resource://gre/modules/osfile/osfile_async_front.jsm:1568:16
@resource://gre/modules/osfile.jsm:12:30
@resource://gre/modules/TelemetryStorage.sys.mjs:10:28
_checkPendingPings@resource://gre/modules/TelemetrySend.sys.mjs:863:17
setup@resource://gre/modules/TelemetrySend.sys.mjs:803:18
setup@resource://gre/modules/TelemetrySend.sys.mjs:241:30
setupTelemetry/this._delayedInitTask<@resource://gre/modules/TelemetryControllerParent.sys.mjs:828:36
observe@resource://gre/modules/AsyncShutdown.sys.mjs:576:16

WARNING: Error: Phase "profile-before-change" is finished, it is too late to register completion condition "OS.File: flush I/O queued before profileBeforeChange"
WARNING: addBlocker@resource://gre/modules/AsyncShutdown.sys.mjs:727:15
addBlocker@resource://gre/modules/AsyncShutdown.sys.mjs:523:26
addBlocker@resource://gre/modules/AsyncShutdown.sys.mjs:458:15
setupShutdown@resource://gre/modules/osfile/osfile_async_front.jsm:1548:28
@resource://gre/modules/osfile/osfile_async_front.jsm:1568:16
@resource://gre/modules/osfile.jsm:12:30
@resource://gre/modules/TelemetryStorage.sys.mjs:10:28
_checkPendingPings@resource://gre/modules/TelemetrySend.sys.mjs:863:17
setup@resource://gre/modules/TelemetrySend.sys.mjs:803:18
setup@resource://gre/modules/TelemetrySend.sys.mjs:241:30
setupTelemetry/this._delayedInitTask<@resource://gre/modules/TelemetryControllerParent.sys.mjs:828:36
observe@resource://gre/modules/AsyncShutdown.sys.mjs:576:16

JavaScript error: resource://gre/modules/AsyncShutdown.sys.mjs, line 727: Error: Phase "profile-before-change" is finished, it is too late to register completion condition "OS.File: flush I/O queued before profileBeforeChange"
JavaScript error: resource://gre/modules/AsyncShutdown.sys.mjs, line 727: Error: Phase "profile-before-change" is finished, it is too late to register completion condition "OS.File: flush I/O queued before profileBeforeChange"
JavaScript error: resource://gre/modules/AsyncShutdown.sys.mjs, line 727: Error: Phase "profile-before-change" is finished, it is too late to register completion condition "OS.File: flush I/O queued before profileBeforeChange"
JavaScript error: resource://gre/modules/AsyncShutdown.sys.mjs, line 727: Error: Phase "profile-before-change" is finished, it is too late to register completion condition "OS.File: flush I/O queued before profileBeforeChange"
JavaScript error: resource://gre/modules/AsyncShutdown.sys.mjs, line 727: Error: Phase "profile-before-change" is finished, it is too late to register completion condition "OS.File: flush I/O queued before profileBeforeChange"
JavaScript error: resource://gre/modules/AsyncShutdown.sys.mjs, line 727: Error: Phase "profile-before-change" is finished, it is too late to register completion condition "OS.File: flush I/O queued before profileBeforeChange"
